<?xml version="1.0" encoding="utf-8"?><testsuites name="pytest tests"><testsuite name="pytest" errors="0" failures="0" skipped="0" tests="6" time="3.479" timestamp="2026-08-01T08:57:24.125163+00:00" hostname="agent-env-9b10bca8-b634-4a31-af9a-2710d790268f"><testcase classname="tests.backend_test" name="test_get_agents_returns_10" time="0.202" /><testcase classname="tests.backend_test" name="test_get_metrics_fields" time="0.097" /><testcase classname="tests.backend_test" name="test_get_activity_returns_14" time="0.089" /><testcase classname="tests.backend_test" name="test_invalid_agent_chat_404" time="0.147" /><testcase classname="tests.backend_test" name="test_invalid_agent_messages_404" time="0.132" /><testcase classname="tests.backend_test" name="test_chat_cerebro_streams_and_persists" time="2.335" /></testsuite></testsuites>